


ARM Macro Assembler    Page 1 


    1 00000000         ;
    2 00000000         ; CS1021 2018/2019 Lab 3
    3 00000000         ; 
    4 00000000         
    5 00000000                 AREA             RESET, CODE, READONLY
    6 00000000                 ENTRY
    7 00000000         
    8 00000000         ;
    9 00000000         ; Q1 - Compute the greatest common divisor of a and b.
   10 00000000         ;
   11 00000000         
   12 00000000         
   13 00000000 E59F00AC        LDR              R0, =406    ; a = 406
   14 00000004 E59F10AC        LDR              R1, =555    ; b = 555
   15 00000008         
   16 00000008 E1500001 
                       LOOP1   CMP              R0, R1      ; a = b?
   17 0000000C 0A000005        BEQ              END1        ; if so, end
   18 00000010 E1500001        CMP              R0, R1      ; a > b?
   19 00000014 9A000001        BLS              ELSE1
   20 00000018 E0400001        SUB              R0, R0, R1  ; R0 = a - b 
   21 0000001C EAFFFFF9        B                LOOP1       ; repeat
   22 00000020 E0411000 
                       ELSE1   SUB              R1, R1, R0  ; R1 = b - a 
   23 00000024 EAFFFFF7        B                LOOP1       ; repeat
   24 00000028         
   25 00000028         END1
   26 00000028         
   27 00000028         
   28 00000028         
   29 00000028         
   30 00000028         ;
   31 00000028         ; Q2 - Compute the nth Fibonacci Number using 64-bit uns
                       igned arithmetic 
   32 00000028         ;
   33 00000028         
   34 00000028 E3A00000        MOV              R0, #0
   35 0000002C E3A01001        MOV              R1, #1      ; Fn - 2 = 1
   36 00000030         
   37 00000030 E3A02000        MOV              R2, #0
   38 00000034 E3A03000        MOV              R3, #0      ; Fn - 1 = 0
   39 00000038         
   40 00000038 E3A06030        MOV              R6, #48     ; n = 48
   41 0000003C         
   42 0000003C         
   43 0000003C E3560001 
                       LOOP2   CMP              R6, #1      ; n > 1?
   44 00000040 9A000007        BLS              END2        ; If not, end
   45 00000044 E1A04000        MOV              R4, R0
   46 00000048 E1A05001        MOV              R5, R1      ; tmp = Fn - 2
   47 0000004C         
   48 0000004C         
   49 0000004C E0911003        ADDS             R1, R1, R3
   50 00000050 E0A00002        ADC              R0, R0, R2
   51 00000054         
   52 00000054 E1A02004        MOV              R2, R4
   53 00000058 E1A03005        MOV              R3, R5
   54 0000005C         
   55 0000005C E2466001        SUB              R6, R6, #1



ARM Macro Assembler    Page 2 


   56 00000060         
   57 00000060 EAFFFFF5        B                LOOP2       ; repeat
   58 00000064         
   59 00000064         END2
   60 00000064         
   61 00000064         
   62 00000064         ;
   63 00000064         ; Q3 - Compute the largest possible Fibonacci number usi
                       ng 64-bit signed arithmetic 
   64 00000064         ;
   65 00000064         
   66 00000064 E3A00000        MOV              R0, #0
   67 00000068 E3A01001        MOV              R1, #1      ; Fn - 2 = 1
   68 0000006C         
   69 0000006C E3A02000        MOV              R2, #0
   70 00000070 E3A03000        MOV              R3, #0      ; Fn - 1 = 1
   71 00000074         
   72 00000074 E3A06001        MOV              R6, #1      ; n = 1
   73 00000078         
   74 00000078 E3E04102        LDR              R4, =0x7FFFFFFF
   75 0000007C E3E05000        LDR              R5, =0xFFFFFFFF ; MAX = 0x7FFFF
                                                            FFF FFFFFFFF
   76 00000080         
   77 00000080         
   78 00000080 E2866001 
                       LOOP3   ADD              R6, R6, #1  ; n = n + 1
   79 00000084         
   80 00000084 E1A07000        MOV              R7, R0
   81 00000088 E1A08001        MOV              R8, R1      ; tmp = Fn - 2
   82 0000008C         
   83 0000008C         
   84 0000008C E0911003        ADDS             R1, R1, R3
   85 00000090 E0A00002        ADC              R0, R0, R2  ; Fn = (Fn - 1) + (
                                                            Fn - 2)
   86 00000094         
   87 00000094 E1A02007        MOV              R2, R7
   88 00000098 E1A03008        MOV              R3, R8      ; (Fn - 1) = tmp
   89 0000009C         
   90 0000009C         
   91 0000009C E0549002        SUBS             R9, R4, R2
   92 000000A0 E0C5A003        SBC              R10, R5, R3 ; R8:R9 = MAX - (Fn
                                                             - 1)
   93 000000A4         
   94 000000A4         
   95 000000A4 E1590000        CMP              R9, R0      ; R8:R9 < (Fn - 2) 
                                                            ?
   96 000000A8 AAFFFFF4        BGE              LOOP3       ; Repeat
   97 000000AC EAFFFFFF        B                END3        ; Else, end
   98 000000B0         
   99 000000B0         END3
  100 000000B0         
  101 000000B0         
  102 000000B0 EAFFFFFE 
                       STOP    B                STOP        ; infinite loop to 
                                                            end
  103 000000B4         
  104 000000B4                 END
              00000196 
              0000022B 



ARM Macro Assembler    Page 3 


Command Line: --debug --xref --diag_suppress=9931 --apcs=interwork --depend=.\o
bjects\lab3.d -o.\objects\lab3.o -IC:\Keil_v5\ARM\RV31\INC -IC:\Keil_v5\ARM\CMS
IS\Include -IC:\Keil_v5\ARM\Inc\Philips --predefine="__EVAL SETA 1" --predefine
="__UVISION_VERSION SETA 516" --list=.\listings\lab3.lst lab3.s



ARM Macro Assembler    Page 1 Alphabetic symbol ordering
Relocatable symbols

ELSE1 00000020

Symbol: ELSE1
   Definitions
      At line 22 in file lab3.s
   Uses
      At line 19 in file lab3.s
Comment: ELSE1 used once
END1 00000028

Symbol: END1
   Definitions
      At line 25 in file lab3.s
   Uses
      At line 17 in file lab3.s
Comment: END1 used once
END2 00000064

Symbol: END2
   Definitions
      At line 59 in file lab3.s
   Uses
      At line 44 in file lab3.s
Comment: END2 used once
END3 000000B0

Symbol: END3
   Definitions
      At line 99 in file lab3.s
   Uses
      At line 97 in file lab3.s
Comment: END3 used once
LOOP1 00000008

Symbol: LOOP1
   Definitions
      At line 16 in file lab3.s
   Uses
      At line 21 in file lab3.s
      At line 23 in file lab3.s

LOOP2 0000003C

Symbol: LOOP2
   Definitions
      At line 43 in file lab3.s
   Uses
      At line 57 in file lab3.s
Comment: LOOP2 used once
LOOP3 00000080

Symbol: LOOP3
   Definitions
      At line 78 in file lab3.s
   Uses
      At line 96 in file lab3.s
Comment: LOOP3 used once
RESET 00000000




ARM Macro Assembler    Page 2 Alphabetic symbol ordering
Relocatable symbols

Symbol: RESET
   Definitions
      At line 5 in file lab3.s
   Uses
      None
Comment: RESET unused
STOP 000000B0

Symbol: STOP
   Definitions
      At line 102 in file lab3.s
   Uses
      At line 102 in file lab3.s
Comment: STOP used once
9 symbols
343 symbols in table
