


ARM Macro Assembler    Page 1 


    1 00000000         ;
    2 00000000         ; CS1021 2018/2019 Lab 4
    3 00000000         ; 
    4 00000000         
    5 00000000                 AREA             RESET, CODE, READONLY
    6 00000000                 ENTRY
    7 00000000         
    8 00000000 E3A05101        LDR              R5, =0x40000000
    9 00000004         
   10 00000004 E3A04010        LDR              R4, =16     ; N = numerator
   11 00000008 E3A05002        LDR              R5, =2      ; D = divisor
   12 0000000C E3A06000        MOV              R6, #0      ; Q = 0
   13 00000010 E3A07000        MOV              R7, #0      ; R = 0
   14 00000014         
   15 00000014 E1A08004        MOV              R8, R4      ; R8 = R4
   16 00000018 E1B08088 
                       LOOP3   MOVS             R8, R8, LSL#1 ; shift R4 >> 1
   17 0000001C 32899001        ADDCC            R9, R9, #1  ; R5++
   18 00000020 2A000000        BCS              TOTAL       ; end loop
   19 00000024 EAFFFFFB        B                LOOP3       ; repeat
   20 00000028         
   21 00000028 E2698020 
                       TOTAL   RSB              R8, R9, #32 ; R8 = n
   22 0000002C         
   23 0000002C E2489001 
                       LOOP4   SUB              R9, R8, #1  ; R9 = i
   24 00000030 E3590000        CMP              R9, #0      ; R5 = 0
   25 00000034 E1A08009        MOV              R8, R9      ; R8 = R9
   26 00000038 BA00000E        BLT              END4        ; end loop
   27 0000003C E1A07087        MOV              R7, R7, LSL#1 ; shift R7 << 1
   28 00000040         
   29 00000040 E3A0A001        MOV              R10, #1     ; R10 = 1
   30 00000044 E1A0A91A        MOV              R10, R10, LSL R9 
                                                            ; shift R10 << i
   31 00000048 E004A00A        AND              R10, R4, R10 ; AND N & R10
   32 0000004C         
   33 0000004C E1A0A93A        MOV              R10, R10, LSR R9 
                                                            ; shift R6 >> R5
   34 00000050 E3C77001        BIC              R7, R7, #1  ; bit clear
   35 00000054 E087700A        ADD              R7, R7, R10 ; R7 = R7 + R6
   36 00000058         
   37 00000058 E1570005        CMP              R7, R5      ; R7 >= R5?
   38 0000005C 3AFFFFF2        BLO              LOOP4       ; restart loop
   39 00000060         
   40 00000060 E0477005        SUB              R7, R7, R5  ; R7 = R7 - R5
   41 00000064 E3A0B001        LDR              R11, =1     ; R11 = 1
   42 00000068 E1A0B91B        MOV              R11, R11, LSL R9 
                                                            ; shift R11 << R9
   43 0000006C E1C66009        BIC              R6, R6, R9  ; bit clear
   44 00000070 E086600B        ADD              R6, R6, R11 ; R6 = R6 + R11
   45 00000074 EAFFFFEC        B                LOOP4       ; repeat
   46 00000078         
   47 00000078         END4
   48 00000078 E1A04006        MOV              R4, R6      ; R4 = R6
   49 0000007C E1A05007        MOV              R5, R7      ; R5 = R7
   50 00000080         
   51 00000080 EAFFFFFE 
                       STOP    B                STOP        ; infinite loop to 
                                                            end



ARM Macro Assembler    Page 2 


   52 00000084         
   53 00000084                 END
Command Line: --debug --xref --diag_suppress=9931 --apcs=interwork --depend=.\o
bjects\lab4.d -o.\objects\lab4.o -IC:\Keil_v5\ARM\RV31\INC -IC:\Keil_v5\ARM\CMS
IS\Include -IC:\Keil_v5\ARM\Inc\Philips --predefine="__EVAL SETA 1" --predefine
="__UVISION_VERSION SETA 516" --list=.\listings\lab4.lst lab4.s



ARM Macro Assembler    Page 1 Alphabetic symbol ordering
Relocatable symbols

END4 00000078

Symbol: END4
   Definitions
      At line 47 in file lab4.s
   Uses
      At line 26 in file lab4.s
Comment: END4 used once
LOOP3 00000018

Symbol: LOOP3
   Definitions
      At line 16 in file lab4.s
   Uses
      At line 19 in file lab4.s
Comment: LOOP3 used once
LOOP4 0000002C

Symbol: LOOP4
   Definitions
      At line 23 in file lab4.s
   Uses
      At line 38 in file lab4.s
      At line 45 in file lab4.s

RESET 00000000

Symbol: RESET
   Definitions
      At line 5 in file lab4.s
   Uses
      None
Comment: RESET unused
STOP 00000080

Symbol: STOP
   Definitions
      At line 51 in file lab4.s
   Uses
      At line 51 in file lab4.s
Comment: STOP used once
TOTAL 00000028

Symbol: TOTAL
   Definitions
      At line 21 in file lab4.s
   Uses
      At line 18 in file lab4.s
Comment: TOTAL used once
6 symbols
338 symbols in table
