


ARM Macro Assembler    Page 1 


    1 00000000         
    2 00000000         ; CS1021 2018/2019 Lab 5
    3 00000000         ;
    4 00000000         ; RAM @ 0x4000000 sz = 0x10000 (64K)
    5 00000000         ;
    6 00000000         
    7 00000000         ;
    8 00000000         ; hardware registers
    9 00000000         ;
   10 00000000         
   11 00000000 E002C000 
                       PINSEL0 EQU              0xE002C000
   12 00000000         
   13 00000000 E000C000 
                       U0RBR   EQU              0xE000C000
   14 00000000 E000C000 
                       U0THR   EQU              0xE000C000
   15 00000000 E000C00C 
                       U0LCR   EQU              0xE000C00C
   16 00000000 E000C014 
                       U0LSR   EQU              0xE000C014
   17 00000000         
   18 00000000         
   19 00000000                 AREA             RESET, CODE, READONLY
   20 00000000                 ENTRY
   21 00000000         
   22 00000000         ; 
   23 00000000         ; hardware initialisation
   24 00000000         ;
   25 00000000 E59FD18C        LDR              R13, =0x40010000 ; initialse SP
                                                            
   26 00000004 E59F018C        LDR              R0, =PINSEL0 ; enable UART0 TxD
                                                             and RxD signals
   27 00000008 E3A01050        MOV              R1, #0x50   ;
   28 0000000C E5C01000        STRB             R1, [R0]    ;
   29 00000010 E59F0184        LDR              R0, =U0LCR  ; R0 - > U0LCR (lin
                                                            e control register)
                                                            
   30 00000014 E3A01002        LDR              R1, =0x02   ; 7 data bits + par
                                                            ity
   31 00000018 E5C01000        STRB             R1, [R0]    ;
   32 0000001C         
   33 0000001C         
   34 0000001C         ; my code
   35 0000001C         
   36 0000001C E59F017C        LDR              R0, =STR0   ; R0 -> "ECHO ECho 
                                                            echo ..."
   37 00000020 EB000053        BL               PUTS        ; put string
   38 00000024 E3A04101        LDR              R4, =0x40000000
   39 00000028 EB00003F 
                       L1      BL               GET         ; get character
   40 0000002C E350000D        CMP              R0, #0x0d
   41 00000030 0A000003        BEQ              readEnd1
   42 00000034 E5C40000        STRB             R0, [R4]
   43 00000038 E2844001        ADD              R4, R4, #1
   44 0000003C EB000041        BL               PUT         ; put character
   45 00000040 EAFFFFF8        B                L1          ; forever
   46 00000044         
   47 00000044         readEnd1



ARM Macro Assembler    Page 2 


   48 00000044         
   49 00000044 E59F0158        LDR              R0, =STR1   ; R0 -> "ECHO ECho 
                                                            echo ..."
   50 00000048 EB000049        BL               PUTS        ; put string
   51 0000004C E3A04189        LDR              R4, =0x40000022
   52 00000050 EB000035 
                       L2      BL               GET         ; get character
   53 00000054 E350000D        CMP              R0, #0x0d
   54 00000058 0A000003        BEQ              readEnd2
   55 0000005C E5C40000        STRB             R0, [R4]
   56 00000060 E2844001        ADD              R4, R4, #1
   57 00000064 EB000037        BL               PUT         ; put character
   58 00000068 EAFFFFF8        B                L2          ; forever
   59 0000006C         
   60 0000006C         readEnd2
   61 0000006C         
   62 0000006C E3A04101        LDR              R4, =0x40000000
   63 00000070 E3A05189        LDR              R5, =0x40000022
   64 00000074         
   65 00000074 E3A08000        LDR              R8, =0      ; LENGTH OF TWO
   66 00000078         
   67 00000078 E3A09000        LDR              R9, =0      ; NUMBER OF MATCHES
                                                            
   68 0000007C         
   69 0000007C E5D57000 
                       LOOPX   LDRB             R7, [R5]
   70 00000080 E3570000        CMP              R7, #0
   71 00000084 0A000002        BEQ              LOOPY
   72 00000088 E2888001        ADD              R8, R8, #1
   73 0000008C E2855001        ADD              R5, R5, #1
   74 00000090 EAFFFFF9        B                LOOPX
   75 00000094         
   76 00000094 E3A04101 
                       LOOPY   LDR              R4, =0x40000000
   77 00000098 E3A05189        LDR              R5, =0x40000022
   78 0000009C         
   79 0000009C E5D46000 
                       LOOPZ   LDRB             R6, [R4]
   80 000000A0 E5D57000        LDRB             R7, [R5]
   81 000000A4 E1580009        CMP              R8, R9
   82 000000A8 0A000008        BEQ              YES
   83 000000AC         
   84 000000AC E1560007        CMP              R6, R7
   85 000000B0 0A000003        BEQ              LOOPR
   86 000000B4         
   87 000000B4 E2855001        ADD              R5, R5, #1
   88 000000B8         
   89 000000B8 E3570000        CMP              R7, #0
   90 000000BC 0A000006        BEQ              NO
   91 000000C0         
   92 000000C0 EAFFFFF5        B                LOOPZ
   93 000000C4         
   94 000000C4 E2899001 
                       LOOPR   ADD              R9, R9, #1  ; COUNT MATCH
   95 000000C8 E2844001        ADD              R4, R4, #1  ; ADVANCE STRING 1
   96 000000CC EAFFFFF2        B                LOOPZ
   97 000000D0         
   98 000000D0         
   99 000000D0 E59F00D0 



ARM Macro Assembler    Page 3 


                       YES     LDR              R0, =STR2   ; R0 -> "ECHO ECho 
                                                            echo ..."
  100 000000D4 EB000026        BL               PUTS        ; put string
  101 000000D8 EAFFFFD9        B                readEnd1
  102 000000DC         
  103 000000DC E59F00C8 
                       NO      LDR              R0, =STR3   ; R0 -> "ECHO ECho 
                                                            echo ..."
  104 000000E0 EB000023        BL               PUTS        ; put string
  105 000000E4 EAFFFFD6        B                readEnd1
  106 000000E8         
  107 000000E8         
  108 000000E8 EAFFFFFE 
                       MEME    B                MEME
  109 000000EC         
  110 000000EC         
  111 000000EC 50 6C 65 
              61 73 65 
              20 65 6E 
              74 65 72 
              20 61 20 
              77 6F 72 
              64 3A 0A 
              00 00    STR0    DCB              "Please enter a word:", 0x0a, 0
, 0
  112 00000103 0A 50 6C 
              65 61 73 
              65 20 65 
              6E 74 65 
              72 20 61 
              6E 6F 74 
              68 65 72 
              20 77 6F 
              72 64 3A 
              0A 00 00 STR1    DCB              "\nPlease enter another word:",
 0x0a, 0, 0
  113 00000121 0A 59 0A 
              00 00    STR2    DCB              "\nY", 0x0a, 0, 0
  114 00000126 0A 4E 0A 
              00 00    STR3    DCB              "\nN", 0x0a, 0, 0
  115 0000012B         
  116 0000012B         ;
  117 0000012B         ; subroutines
  118 0000012B         ; 
  119 0000012B         ; GET
  120 0000012B         ;
  121 0000012B         ; leaf function which returns ASCII character typed in U
                       ART #1 window in R0
  122 0000012B         ;
  123 0000012B 00 E59F107C 
                       GET     LDR              R1, =U0LSR  ; R1 -> U0LSR (Line
                                                             Status Register)
  124 00000130 E5910000 
                       GET0    LDR              R0, [R1]    ; wait until
  125 00000134 E2100001        ANDS             R0, #0x01   ; receiver data
  126 00000138 0AFFFFFC        BEQ              GET0        ; ready
  127 0000013C E59F1070        LDR              R1, =U0RBR  ; R1 -> U0RBR (Rece
                                                            iver Buffer Registe
                                                            r)



ARM Macro Assembler    Page 4 


  128 00000140 E5D10000        LDRB             R0, [R1]    ; get received data
                                                            
  129 00000144 E12FFF1E        BX               LR          ; return
  130 00000148         
  131 00000148         ; 
  132 00000148         ; PUT
  133 00000148         ;
  134 00000148         ; leaf function which sends ASCII character in R0 to UAR
                       T #1 window
  135 00000148         ;
  136 00000148 E59F1060 
                       PUT     LDR              R1, =U0LSR  ; R1 -> U0LSR (Line
                                                             Status Register)
  137 0000014C E5D11000        LDRB             R1, [R1]    ; wait until transm
                                                            it
  138 00000150 E2111020        ANDS             R1, R1, #0x20 
                                                            ; holding register
  139 00000154 0AFFFFFB        BEQ              PUT         ; empty
  140 00000158 E59F1054        LDR              R1, =U0THR  ; R1 -> U0THR
  141 0000015C E5C10000        STRB             R0, [R1]    ; output charcter
  142 00000160 E59F1048 
                       PUT0    LDR              R1, =U0LSR  ; R1 -> U0LSR
  143 00000164 E5D11000        LDRB             R1, [R1]    ; wait until 
  144 00000168 E2111040        ANDS             R1, R1, #0x40 ; transmitter
  145 0000016C 0AFFFFFB        BEQ              PUT0        ; empty (data flush
                                                            ed)
  146 00000170 E12FFF1E        BX               LR          ; return
  147 00000174         
  148 00000174         ; 
  149 00000174         ; PUTS
  150 00000174         ;
  151 00000174         ; sends NUL terminated ASCII string (address in R0) to U
                       ART #1 window
  152 00000174         ;
  153 00000174 E92D4010 
                       PUTS    PUSH             {R4, LR}    ; push R4 and LR
  154 00000178 E1A04000        MOV              R4, R0      ; copy R0
  155 0000017C E4D40001 
                       PUTS0   LDRB             R0, [R4], #1 ; get character + 
                                                            increment R4
  156 00000180 E3500000        CMP              R0, #0      ; 0?
  157 00000184 0A000001        BEQ              PUTS1       ; return
  158 00000188 EBFFFFEE        BL               PUT         ; put character
  159 0000018C EAFFFFFA        B                PUTS0       ; next character
  160 00000190 E8BD8010 
                       PUTS1   POP              {R4, PC}    ; pop R4 and PC
  161 00000194         
  162 00000194                 END
              40010000 
              E002C000 
              E000C00C 
              00000000 
              00000000 
              00000000 
              00000000 
              E000C014 
              E000C000 
Command Line: --debug --xref --diag_suppress=9931 --apcs=interwork --depend=.\o
bjects\lab5.d -o.\objects\lab5.o -IC:\Keil_v5\ARM\RV31\INC -IC:\Keil_v5\ARM\CMS



ARM Macro Assembler    Page 5 


IS\Include -IC:\Keil_v5\ARM\Inc\Philips --predefine="__EVAL SETA 1" --predefine
="__UVISION_VERSION SETA 516" --list=.\listings\lab5.lst lab5.s



ARM Macro Assembler    Page 1 Alphabetic symbol ordering
Relocatable symbols

GET 0000012C

Symbol: GET
   Definitions
      At line 123 in file lab5.s
   Uses
      At line 39 in file lab5.s
      At line 52 in file lab5.s

GET0 00000130

Symbol: GET0
   Definitions
      At line 124 in file lab5.s
   Uses
      At line 126 in file lab5.s
Comment: GET0 used once
L1 00000028

Symbol: L1
   Definitions
      At line 39 in file lab5.s
   Uses
      At line 45 in file lab5.s
Comment: L1 used once
L2 00000050

Symbol: L2
   Definitions
      At line 52 in file lab5.s
   Uses
      At line 58 in file lab5.s
Comment: L2 used once
LOOPR 000000C4

Symbol: LOOPR
   Definitions
      At line 94 in file lab5.s
   Uses
      At line 85 in file lab5.s
Comment: LOOPR used once
LOOPX 0000007C

Symbol: LOOPX
   Definitions
      At line 69 in file lab5.s
   Uses
      At line 74 in file lab5.s
Comment: LOOPX used once
LOOPY 00000094

Symbol: LOOPY
   Definitions
      At line 76 in file lab5.s
   Uses
      At line 71 in file lab5.s
Comment: LOOPY used once
LOOPZ 0000009C




ARM Macro Assembler    Page 2 Alphabetic symbol ordering
Relocatable symbols

Symbol: LOOPZ
   Definitions
      At line 79 in file lab5.s
   Uses
      At line 92 in file lab5.s
      At line 96 in file lab5.s

MEME 000000E8

Symbol: MEME
   Definitions
      At line 108 in file lab5.s
   Uses
      At line 108 in file lab5.s
Comment: MEME used once
NO 000000DC

Symbol: NO
   Definitions
      At line 103 in file lab5.s
   Uses
      At line 90 in file lab5.s
Comment: NO used once
PUT 00000148

Symbol: PUT
   Definitions
      At line 136 in file lab5.s
   Uses
      At line 44 in file lab5.s
      At line 57 in file lab5.s
      At line 139 in file lab5.s
      At line 158 in file lab5.s

PUT0 00000160

Symbol: PUT0
   Definitions
      At line 142 in file lab5.s
   Uses
      At line 145 in file lab5.s
Comment: PUT0 used once
PUTS 00000174

Symbol: PUTS
   Definitions
      At line 153 in file lab5.s
   Uses
      At line 37 in file lab5.s
      At line 50 in file lab5.s
      At line 100 in file lab5.s
      At line 104 in file lab5.s

PUTS0 0000017C

Symbol: PUTS0
   Definitions
      At line 155 in file lab5.s
   Uses



ARM Macro Assembler    Page 3 Alphabetic symbol ordering
Relocatable symbols

      At line 159 in file lab5.s
Comment: PUTS0 used once
PUTS1 00000190

Symbol: PUTS1
   Definitions
      At line 160 in file lab5.s
   Uses
      At line 157 in file lab5.s
Comment: PUTS1 used once
RESET 00000000

Symbol: RESET
   Definitions
      At line 19 in file lab5.s
   Uses
      None
Comment: RESET unused
STR0 000000EC

Symbol: STR0
   Definitions
      At line 111 in file lab5.s
   Uses
      At line 36 in file lab5.s
Comment: STR0 used once
STR1 00000103

Symbol: STR1
   Definitions
      At line 112 in file lab5.s
   Uses
      At line 49 in file lab5.s
Comment: STR1 used once
STR2 00000121

Symbol: STR2
   Definitions
      At line 113 in file lab5.s
   Uses
      At line 99 in file lab5.s
Comment: STR2 used once
STR3 00000126

Symbol: STR3
   Definitions
      At line 114 in file lab5.s
   Uses
      At line 103 in file lab5.s
Comment: STR3 used once
YES 000000D0

Symbol: YES
   Definitions
      At line 99 in file lab5.s
   Uses
      At line 82 in file lab5.s
Comment: YES used once
readEnd1 00000044



ARM Macro Assembler    Page 4 Alphabetic symbol ordering
Relocatable symbols


Symbol: readEnd1
   Definitions
      At line 47 in file lab5.s
   Uses
      At line 41 in file lab5.s
      At line 101 in file lab5.s
      At line 105 in file lab5.s

readEnd2 0000006C

Symbol: readEnd2
   Definitions
      At line 60 in file lab5.s
   Uses
      At line 54 in file lab5.s
Comment: readEnd2 used once
23 symbols



ARM Macro Assembler    Page 1 Alphabetic symbol ordering
Absolute symbols

PINSEL0 E002C000

Symbol: PINSEL0
   Definitions
      At line 11 in file lab5.s
   Uses
      At line 26 in file lab5.s
Comment: PINSEL0 used once
U0LCR E000C00C

Symbol: U0LCR
   Definitions
      At line 15 in file lab5.s
   Uses
      At line 29 in file lab5.s
Comment: U0LCR used once
U0LSR E000C014

Symbol: U0LSR
   Definitions
      At line 16 in file lab5.s
   Uses
      At line 123 in file lab5.s
      At line 136 in file lab5.s
      At line 142 in file lab5.s

U0RBR E000C000

Symbol: U0RBR
   Definitions
      At line 13 in file lab5.s
   Uses
      At line 127 in file lab5.s
Comment: U0RBR used once
U0THR E000C000

Symbol: U0THR
   Definitions
      At line 14 in file lab5.s
   Uses
      At line 140 in file lab5.s
Comment: U0THR used once
5 symbols
362 symbols in table
