


ARM Macro Assembler    Page 1 


    1 00000000         ;
    2 00000000         ; CS1021 2018/2019 Lab 2
    3 00000000         ; 
    4 00000000         
    5 00000000                 AREA             RESET, CODE, READONLY
    6 00000000                 ENTRY
    7 00000000         
    8 00000000         ;
    9 00000000         ; Q1 - Compute the nth Fibonacci Number
   10 00000000         ;
   11 00000000         
   12 00000000         
   13 00000000 E3A00001        MOV              R0, #1      ; fb = 0
   14 00000004 E3A01000        MOV              R1, #0      ; fa = 1
   15 00000008 E3A02010        MOV              R2, #16     ; n = 16
   16 0000000C         
   17 0000000C E3520001 
                       LOOP1   CMP              R2, #1
   18 00000010 9A000004        BLS              END1
   19 00000014 E1A03000        MOV              R3, R0
   20 00000018 E0810000        ADD              R0, R1, R0
   21 0000001C E1A01003        MOV              R1, R3
   22 00000020 E2422001        SUB              R2, R2, #1
   23 00000024 EAFFFFF8        B                LOOP1
   24 00000028         END1
   25 00000028         
   26 00000028         
   27 00000028         ;
   28 00000028         ; Q2 (i) Compute the largest possible Fibonacci number u
                       sing 32-bit unsigned arithmetic 
   29 00000028         ;
   30 00000028         
   31 00000028         
   32 00000028 E3A02001        MOV              R2, #1      ; n = 1
   33 0000002C E3A01000        MOV              R1, #0      ; fn - 1 = 1
   34 00000030 E3A00001        MOV              R0, #1      ; fn - 2 = 0
   35 00000034 E3E05000        LDR              R5, =0xFFFFFFFF
   36 00000038         
   37 00000038         
   38 00000038 E2822001 
                       LOOP2   ADD              R2, R2, #1
   39 0000003C E1A03000        MOV              R3, R0
   40 00000040 E0810000        ADD              R0, R1, R0
   41 00000044 E1A01003        MOV              R1, R3
   42 00000048         
   43 00000048 E0454001        SUB              R4, R5, R1
   44 0000004C         
   45 0000004C E1540000        CMP              R4, R0
   46 00000050 9A000000        BLS              END2
   47 00000054         
   48 00000054 EAFFFFF7        B                LOOP2
   49 00000058         
   50 00000058         END2
   51 00000058         
   52 00000058         ;
   53 00000058         ; Q2 (i) Compute the largest possible Fibonacci number u
                       sing 32-bit signed arithmetic 
   54 00000058         ;
   55 00000058         



ARM Macro Assembler    Page 2 


   56 00000058 E3A02001        MOV              R2, #1      ; n = 1
   57 0000005C E3A01000        MOV              R1, #0      ; fa = 1
   58 00000060 E3A00001        MOV              R0, #1      ; fb = 0
   59 00000064 E3E05102        LDR              R5, =0x7FFFFFFF
   60 00000068         
   61 00000068         
   62 00000068 E2822001 
                       LOOP4   ADD              R2, R2, #1
   63 0000006C E1A03000        MOV              R3, R0
   64 00000070 E0810000        ADD              R0, R1, R0
   65 00000074 E1A01003        MOV              R1, R3
   66 00000078         
   67 00000078         
   68 00000078 E0454001        SUB              R4, R5, R1
   69 0000007C         
   70 0000007C E1540000        CMP              R4, R0
   71 00000080 DA000000        BLE              END3
   72 00000084         
   73 00000084 EAFFFFF7        B                LOOP4
   74 00000088         
   75 00000088         END3
   76 00000088         
   77 00000088         
   78 00000088         
   79 00000088 EAFFFFFE 
                       STOP    B                STOP        ; infinite loop to 
                                                            end
   80 0000008C         
   81 0000008C                 END
Command Line: --debug --xref --diag_suppress=9931 --apcs=interwork --depend=.\o
bjects\lab2.d -o.\objects\lab2.o -IC:\Keil_v5\ARM\RV31\INC -IC:\Keil_v5\ARM\CMS
IS\Include -IC:\Keil_v5\ARM\Inc\Philips --predefine="__EVAL SETA 1" --predefine
="__UVISION_VERSION SETA 516" --list=.\listings\lab2.lst lab2.s



ARM Macro Assembler    Page 1 Alphabetic symbol ordering
Relocatable symbols

END1 00000028

Symbol: END1
   Definitions
      At line 24 in file lab2.s
   Uses
      At line 18 in file lab2.s
Comment: END1 used once
END2 00000058

Symbol: END2
   Definitions
      At line 50 in file lab2.s
   Uses
      At line 46 in file lab2.s
Comment: END2 used once
END3 00000088

Symbol: END3
   Definitions
      At line 75 in file lab2.s
   Uses
      At line 71 in file lab2.s
Comment: END3 used once
LOOP1 0000000C

Symbol: LOOP1
   Definitions
      At line 17 in file lab2.s
   Uses
      At line 23 in file lab2.s
Comment: LOOP1 used once
LOOP2 00000038

Symbol: LOOP2
   Definitions
      At line 38 in file lab2.s
   Uses
      At line 48 in file lab2.s
Comment: LOOP2 used once
LOOP4 00000068

Symbol: LOOP4
   Definitions
      At line 62 in file lab2.s
   Uses
      At line 73 in file lab2.s
Comment: LOOP4 used once
RESET 00000000

Symbol: RESET
   Definitions
      At line 5 in file lab2.s
   Uses
      None
Comment: RESET unused
STOP 00000088

Symbol: STOP



ARM Macro Assembler    Page 2 Alphabetic symbol ordering
Relocatable symbols

   Definitions
      At line 79 in file lab2.s
   Uses
      At line 79 in file lab2.s
Comment: STOP used once
8 symbols
340 symbols in table
